[2024-09-22T17:14:51.554+0000] {local_task_job_runner.py:123} INFO - ::group::Pre task execution logs
[2024-09-22T17:14:51.570+0000] {taskinstance.py:2603} INFO - Dependencies all met for dep_context=non-requeueable deps ti=<TaskInstance: emp_dag.beam_dep manual__2024-09-22T17:14:47.994585+00:00 [queued]>
[2024-09-22T17:14:51.578+0000] {taskinstance.py:2603} INFO - Dependencies all met for dep_context=requeueable deps ti=<TaskInstance: emp_dag.beam_dep manual__2024-09-22T17:14:47.994585+00:00 [queued]>
[2024-09-22T17:14:51.579+0000] {taskinstance.py:2856} INFO - Starting attempt 1 of 2
[2024-09-22T17:14:51.613+0000] {taskinstance.py:2879} INFO - Executing <Task(BashOperator): beam_dep> on 2024-09-22 17:14:47.994585+00:00
[2024-09-22T17:14:51.621+0000] {warnings.py:112} WARNING - /home/***/.local/lib/python3.12/site-packages/***/task/task_runner/standard_task_runner.py:70: DeprecationWarning: This process (pid=373) is multi-threaded, use of fork() may lead to deadlocks in the child.
  pid = os.fork()

[2024-09-22T17:14:51.623+0000] {standard_task_runner.py:72} INFO - Started process 380 to run task
[2024-09-22T17:14:51.624+0000] {standard_task_runner.py:104} INFO - Running: ['***', 'tasks', 'run', 'emp_dag', 'beam_dep', 'manual__2024-09-22T17:14:47.994585+00:00', '--job-id', '12', '--raw', '--subdir', 'DAGS_FOLDER/emp_dag.py', '--cfg-path', '/tmp/tmpw180k8e9']
[2024-09-22T17:14:51.625+0000] {standard_task_runner.py:105} INFO - Job 12: Subtask beam_dep
[2024-09-22T17:14:51.683+0000] {task_command.py:467} INFO - Running <TaskInstance: emp_dag.beam_dep manual__2024-09-22T17:14:47.994585+00:00 [running]> on host 47d21d915938
[2024-09-22T17:14:51.884+0000] {taskinstance.py:3122} INFO - Exporting env vars: AIRFLOW_CTX_DAG_OWNER='***_SS' AIRFLOW_CTX_DAG_ID='emp_dag' AIRFLOW_CTX_TASK_ID='beam_dep' AIRFLOW_CTX_EXECUTION_DATE='2024-09-22T17:14:47.994585+00:00' AIRFLOW_CTX_TRY_NUMBER='1' AIRFLOW_CTX_DAG_RUN_ID='manual__2024-09-22T17:14:47.994585+00:00'
[2024-09-22T17:14:51.889+0000] {logging_mixin.py:190} INFO - Task instance is in running state
[2024-09-22T17:14:51.890+0000] {logging_mixin.py:190} INFO -  Previous state of the Task instance: queued
[2024-09-22T17:14:51.890+0000] {logging_mixin.py:190} INFO - Current task name:beam_dep state:running start_date:2024-09-22 17:14:51.570847+00:00
[2024-09-22T17:14:51.891+0000] {logging_mixin.py:190} INFO - Dag name:emp_dag and current dag run status:running
[2024-09-22T17:14:51.891+0000] {taskinstance.py:731} INFO - ::endgroup::
[2024-09-22T17:14:51.898+0000] {subprocess.py:63} INFO - Tmp dir root location: /tmp
[2024-09-22T17:14:51.904+0000] {subprocess.py:75} INFO - Running command: ['/usr/bin/bash', '-c', 'pip install apache-beam[gcp]']
[2024-09-22T17:14:51.927+0000] {subprocess.py:86} INFO - Output:
[2024-09-22T17:14:53.321+0000] {subprocess.py:93} INFO - Requirement already satisfied: apache-beam[gcp] in /home/***/.local/lib/python3.12/site-packages (2.59.0)
[2024-09-22T17:14:53.340+0000] {subprocess.py:93} INFO - Requirement already satisfied: crcmod<2.0,>=1.7 in /home/***/.local/lib/python3.12/site-packages (from apache-beam[gcp]) (1.7)
[2024-09-22T17:14:53.341+0000] {subprocess.py:93} INFO - Requirement already satisfied: orjson<4,>=3.9.7 in /home/***/.local/lib/python3.12/site-packages (from apache-beam[gcp]) (3.10.7)
[2024-09-22T17:14:53.341+0000] {subprocess.py:93} INFO - Requirement already satisfied: dill<0.3.2,>=0.3.1.1 in /home/***/.local/lib/python3.12/site-packages (from apache-beam[gcp]) (0.3.1.1)
[2024-09-22T17:14:53.342+0000] {subprocess.py:93} INFO - Requirement already satisfied: cloudpickle~=2.2.1 in /home/***/.local/lib/python3.12/site-packages (from apache-beam[gcp]) (2.2.1)
[2024-09-22T17:14:53.343+0000] {subprocess.py:93} INFO - Requirement already satisfied: fastavro<2,>=0.23.6 in /home/***/.local/lib/python3.12/site-packages (from apache-beam[gcp]) (1.9.7)
[2024-09-22T17:14:53.343+0000] {subprocess.py:93} INFO - Requirement already satisfied: fasteners<1.0,>=0.3 in /home/***/.local/lib/python3.12/site-packages (from apache-beam[gcp]) (0.19)
[2024-09-22T17:14:53.344+0000] {subprocess.py:93} INFO - Requirement already satisfied: grpcio!=1.48.0,!=1.59.*,!=1.60.*,!=1.61.*,!=1.62.0,!=1.62.1,<2,>=1.33.1 in /home/***/.local/lib/python3.12/site-packages (from apache-beam[gcp]) (1.65.4)
[2024-09-22T17:14:53.345+0000] {subprocess.py:93} INFO - Requirement already satisfied: hdfs<3.0.0,>=2.1.0 in /home/***/.local/lib/python3.12/site-packages (from apache-beam[gcp]) (2.7.3)
[2024-09-22T17:14:53.345+0000] {subprocess.py:93} INFO - Requirement already satisfied: httplib2<0.23.0,>=0.8 in /home/***/.local/lib/python3.12/site-packages (from apache-beam[gcp]) (0.22.0)
[2024-09-22T17:14:53.346+0000] {subprocess.py:93} INFO - Requirement already satisfied: jsonschema<5.0.0,>=4.0.0 in /home/***/.local/lib/python3.12/site-packages (from apache-beam[gcp]) (4.23.0)
[2024-09-22T17:14:53.346+0000] {subprocess.py:93} INFO - Requirement already satisfied: jsonpickle<4.0.0,>=3.0.0 in /home/***/.local/lib/python3.12/site-packages (from apache-beam[gcp]) (3.3.0)
[2024-09-22T17:14:53.347+0000] {subprocess.py:93} INFO - Requirement already satisfied: numpy<1.27.0,>=1.14.3 in /home/***/.local/lib/python3.12/site-packages (from apache-beam[gcp]) (1.26.4)
[2024-09-22T17:14:53.348+0000] {subprocess.py:93} INFO - Requirement already satisfied: objsize<0.8.0,>=0.6.1 in /home/***/.local/lib/python3.12/site-packages (from apache-beam[gcp]) (0.7.0)
[2024-09-22T17:14:53.348+0000] {subprocess.py:93} INFO - Requirement already satisfied: packaging>=22.0 in /home/***/.local/lib/python3.12/site-packages (from apache-beam[gcp]) (24.1)
[2024-09-22T17:14:53.349+0000] {subprocess.py:93} INFO - Requirement already satisfied: pymongo<5.0.0,>=3.8.0 in /home/***/.local/lib/python3.12/site-packages (from apache-beam[gcp]) (4.9.1)
[2024-09-22T17:14:53.349+0000] {subprocess.py:93} INFO - Requirement already satisfied: proto-plus<2,>=1.7.1 in /home/***/.local/lib/python3.12/site-packages (from apache-beam[gcp]) (1.24.0)
[2024-09-22T17:14:53.350+0000] {subprocess.py:93} INFO - Requirement already satisfied: protobuf!=4.0.*,!=4.21.*,!=4.22.0,!=4.23.*,!=4.24.*,<4.26.0,>=3.20.3 in /home/***/.local/lib/python3.12/site-packages (from apache-beam[gcp]) (4.25.4)
[2024-09-22T17:14:53.351+0000] {subprocess.py:93} INFO - Requirement already satisfied: pydot<2,>=1.2.0 in /home/***/.local/lib/python3.12/site-packages (from apache-beam[gcp]) (1.4.2)
[2024-09-22T17:14:53.351+0000] {subprocess.py:93} INFO - Requirement already satisfied: python-dateutil<3,>=2.8.0 in /home/***/.local/lib/python3.12/site-packages (from apache-beam[gcp]) (2.9.0.post0)
[2024-09-22T17:14:53.352+0000] {subprocess.py:93} INFO - Requirement already satisfied: pytz>=2018.3 in /home/***/.local/lib/python3.12/site-packages (from apache-beam[gcp]) (2024.1)
[2024-09-22T17:14:53.352+0000] {subprocess.py:93} INFO - Requirement already satisfied: redis<6,>=5.0.0 in /home/***/.local/lib/python3.12/site-packages (from apache-beam[gcp]) (5.0.8)
[2024-09-22T17:14:53.353+0000] {subprocess.py:93} INFO - Requirement already satisfied: regex>=2020.6.8 in /home/***/.local/lib/python3.12/site-packages (from apache-beam[gcp]) (2024.9.11)
[2024-09-22T17:14:53.353+0000] {subprocess.py:93} INFO - Requirement already satisfied: requests<3.0.0,>=2.24.0 in /home/***/.local/lib/python3.12/site-packages (from apache-beam[gcp]) (2.32.3)
[2024-09-22T17:14:53.354+0000] {subprocess.py:93} INFO - Requirement already satisfied: typing-extensions>=3.7.0 in /home/***/.local/lib/python3.12/site-packages (from apache-beam[gcp]) (4.12.2)
[2024-09-22T17:14:53.355+0000] {subprocess.py:93} INFO - Requirement already satisfied: zstandard<1,>=0.18.0 in /home/***/.local/lib/python3.12/site-packages (from apache-beam[gcp]) (0.23.0)
[2024-09-22T17:14:53.355+0000] {subprocess.py:93} INFO - Requirement already satisfied: pyarrow<17.0.0,>=3.0.0 in /home/***/.local/lib/python3.12/site-packages (from apache-beam[gcp]) (16.1.0)
[2024-09-22T17:14:53.356+0000] {subprocess.py:93} INFO - Requirement already satisfied: pyarrow-hotfix<1 in /home/***/.local/lib/python3.12/site-packages (from apache-beam[gcp]) (0.6)
[2024-09-22T17:14:53.356+0000] {subprocess.py:93} INFO - Requirement already satisfied: cachetools<6,>=3.1.0 in /home/***/.local/lib/python3.12/site-packages (from apache-beam[gcp]) (5.4.0)
[2024-09-22T17:14:53.357+0000] {subprocess.py:93} INFO - Requirement already satisfied: google-api-core<3,>=2.0.0 in /home/***/.local/lib/python3.12/site-packages (from apache-beam[gcp]) (2.19.1)
[2024-09-22T17:14:53.357+0000] {subprocess.py:93} INFO - Requirement already satisfied: google-apitools<0.5.32,>=0.5.31 in /home/***/.local/lib/python3.12/site-packages (from apache-beam[gcp]) (0.5.31)
[2024-09-22T17:14:53.358+0000] {subprocess.py:93} INFO - Requirement already satisfied: google-auth<3,>=1.18.0 in /home/***/.local/lib/python3.12/site-packages (from apache-beam[gcp]) (2.33.0)
[2024-09-22T17:14:53.358+0000] {subprocess.py:93} INFO - Requirement already satisfied: google-auth-httplib2<0.3.0,>=0.1.0 in /home/***/.local/lib/python3.12/site-packages (from apache-beam[gcp]) (0.2.0)
[2024-09-22T17:14:53.359+0000] {subprocess.py:93} INFO - Requirement already satisfied: google-cloud-datastore<3,>=2.0.0 in /home/***/.local/lib/python3.12/site-packages (from apache-beam[gcp]) (2.20.1)
[2024-09-22T17:14:53.359+0000] {subprocess.py:93} INFO - Requirement already satisfied: google-cloud-pubsub<3,>=2.1.0 in /home/***/.local/lib/python3.12/site-packages (from apache-beam[gcp]) (2.23.0)
[2024-09-22T17:14:53.360+0000] {subprocess.py:93} INFO - Requirement already satisfied: google-cloud-pubsublite<2,>=1.2.0 in /home/***/.local/lib/python3.12/site-packages (from apache-beam[gcp]) (1.11.1)
[2024-09-22T17:14:53.361+0000] {subprocess.py:93} INFO - Requirement already satisfied: google-cloud-storage<3,>=2.18.2 in /home/***/.local/lib/python3.12/site-packages (from apache-beam[gcp]) (2.18.2)
[2024-09-22T17:14:53.362+0000] {subprocess.py:93} INFO - Requirement already satisfied: google-cloud-bigquery<4,>=2.0.0 in /home/***/.local/lib/python3.12/site-packages (from apache-beam[gcp]) (3.20.1)
[2024-09-22T17:14:53.362+0000] {subprocess.py:93} INFO - Requirement already satisfied: google-cloud-bigquery-storage<3,>=2.6.3 in /home/***/.local/lib/python3.12/site-packages (from apache-beam[gcp]) (2.26.0)
[2024-09-22T17:14:53.364+0000] {subprocess.py:93} INFO - Requirement already satisfied: google-cloud-core<3,>=2.0.0 in /home/***/.local/lib/python3.12/site-packages (from apache-beam[gcp]) (2.4.1)
[2024-09-22T17:14:53.364+0000] {subprocess.py:93} INFO - Requirement already satisfied: google-cloud-bigtable<3,>=2.19.0 in /home/***/.local/lib/python3.12/site-packages (from apache-beam[gcp]) (2.25.0)
[2024-09-22T17:14:53.365+0000] {subprocess.py:93} INFO - Requirement already satisfied: google-cloud-spanner<4,>=3.0.0 in /home/***/.local/lib/python3.12/site-packages (from apache-beam[gcp]) (3.48.0)
[2024-09-22T17:14:53.366+0000] {subprocess.py:93} INFO - Requirement already satisfied: google-cloud-dlp<4,>=3.0.0 in /home/***/.local/lib/python3.12/site-packages (from apache-beam[gcp]) (3.21.0)
[2024-09-22T17:14:53.366+0000] {subprocess.py:93} INFO - Requirement already satisfied: google-cloud-language<3,>=2.0 in /home/***/.local/lib/python3.12/site-packages (from apache-beam[gcp]) (2.14.0)
[2024-09-22T17:14:53.367+0000] {subprocess.py:93} INFO - Requirement already satisfied: google-cloud-videointelligence<3,>=2.0 in /home/***/.local/lib/python3.12/site-packages (from apache-beam[gcp]) (2.13.5)
[2024-09-22T17:14:53.368+0000] {subprocess.py:93} INFO - Requirement already satisfied: google-cloud-vision<4,>=2 in /home/***/.local/lib/python3.12/site-packages (from apache-beam[gcp]) (3.7.4)
[2024-09-22T17:14:53.368+0000] {subprocess.py:93} INFO - Requirement already satisfied: google-cloud-recommendations-ai<0.11.0,>=0.1.0 in /home/***/.local/lib/python3.12/site-packages (from apache-beam[gcp]) (0.10.12)
[2024-09-22T17:14:53.369+0000] {subprocess.py:93} INFO - Requirement already satisfied: google-cloud-aiplatform<2.0,>=1.26.0 in /home/***/.local/lib/python3.12/site-packages (from apache-beam[gcp]) (1.61.0)
[2024-09-22T17:14:53.382+0000] {subprocess.py:93} INFO - Requirement already satisfied: googleapis-common-protos<2.0.dev0,>=1.56.2 in /home/***/.local/lib/python3.12/site-packages (from google-api-core<3,>=2.0.0->apache-beam[gcp]) (1.63.2)
[2024-09-22T17:14:53.385+0000] {subprocess.py:93} INFO - Requirement already satisfied: oauth2client>=1.4.12 in /home/***/.local/lib/python3.12/site-packages (from google-apitools<0.5.32,>=0.5.31->apache-beam[gcp]) (4.1.3)
[2024-09-22T17:14:53.386+0000] {subprocess.py:93} INFO - Requirement already satisfied: six>=1.12.0 in /home/***/.local/lib/python3.12/site-packages (from google-apitools<0.5.32,>=0.5.31->apache-beam[gcp]) (1.16.0)
[2024-09-22T17:14:53.389+0000] {subprocess.py:93} INFO - Requirement already satisfied: pyasn1-modules>=0.2.1 in /home/***/.local/lib/python3.12/site-packages (from google-auth<3,>=1.18.0->apache-beam[gcp]) (0.3.0)
[2024-09-22T17:14:53.389+0000] {subprocess.py:93} INFO - Requirement already satisfied: rsa<5,>=3.1.4 in /home/***/.local/lib/python3.12/site-packages (from google-auth<3,>=1.18.0->apache-beam[gcp]) (4.9)
[2024-09-22T17:14:53.440+0000] {subprocess.py:93} INFO - Requirement already satisfied: google-cloud-resource-manager<3.0.0dev,>=1.3.3 in /home/***/.local/lib/python3.12/site-packages (from google-cloud-aiplatform<2.0,>=1.26.0->apache-beam[gcp]) (1.12.5)
[2024-09-22T17:14:53.441+0000] {subprocess.py:93} INFO - Requirement already satisfied: shapely<3.0.0dev in /home/***/.local/lib/python3.12/site-packages (from google-cloud-aiplatform<2.0,>=1.26.0->apache-beam[gcp]) (2.0.5)
[2024-09-22T17:14:53.441+0000] {subprocess.py:93} INFO - Requirement already satisfied: pydantic<3 in /home/***/.local/lib/python3.12/site-packages (from google-cloud-aiplatform<2.0,>=1.26.0->apache-beam[gcp]) (2.8.2)
[2024-09-22T17:14:53.442+0000] {subprocess.py:93} INFO - Requirement already satisfied: docstring-parser<1 in /home/***/.local/lib/python3.12/site-packages (from google-cloud-aiplatform<2.0,>=1.26.0->apache-beam[gcp]) (0.16)
[2024-09-22T17:14:53.461+0000] {subprocess.py:93} INFO - Requirement already satisfied: google-resumable-media<3.0dev,>=0.6.0 in /home/***/.local/lib/python3.12/site-packages (from google-cloud-bigquery<4,>=2.0.0->apache-beam[gcp]) (2.7.2)
[2024-09-22T17:14:53.477+0000] {subprocess.py:93} INFO - Requirement already satisfied: grpc-google-iam-v1<1.0.0dev,>=0.12.4 in /home/***/.local/lib/python3.12/site-packages (from google-cloud-bigtable<3,>=2.19.0->apache-beam[gcp]) (0.13.1)
[2024-09-22T17:14:53.513+0000] {subprocess.py:93} INFO - Requirement already satisfied: grpcio-status>=1.33.2 in /home/***/.local/lib/python3.12/site-packages (from google-cloud-pubsub<3,>=2.1.0->apache-beam[gcp]) (1.62.3)
[2024-09-22T17:14:53.518+0000] {subprocess.py:93} INFO - Requirement already satisfied: overrides<8.0.0,>=6.0.1 in /home/***/.local/lib/python3.12/site-packages (from google-cloud-pubsublite<2,>=1.2.0->apache-beam[gcp]) (7.7.0)
[2024-09-22T17:14:53.541+0000] {subprocess.py:93} INFO - Requirement already satisfied: sqlparse>=0.4.4 in /home/***/.local/lib/python3.12/site-packages (from google-cloud-spanner<4,>=3.0.0->apache-beam[gcp]) (0.5.1)
[2024-09-22T17:14:53.543+0000] {subprocess.py:93} INFO - Requirement already satisfied: grpc-interceptor>=0.15.4 in /home/***/.local/lib/python3.12/site-packages (from google-cloud-spanner<4,>=3.0.0->apache-beam[gcp]) (0.15.4)
[2024-09-22T17:14:53.551+0000] {subprocess.py:93} INFO - Requirement already satisfied: google-crc32c<2.0dev,>=1.0 in /home/***/.local/lib/python3.12/site-packages (from google-cloud-storage<3,>=2.18.2->apache-beam[gcp]) (1.5.0)
[2024-09-22T17:14:53.578+0000] {subprocess.py:93} INFO - Requirement already satisfied: docopt in /home/***/.local/lib/python3.12/site-packages (from hdfs<3.0.0,>=2.1.0->apache-beam[gcp]) (0.6.2)
[2024-09-22T17:14:53.583+0000] {subprocess.py:93} INFO - Requirement already satisfied: pyparsing!=3.0.0,!=3.0.1,!=3.0.2,!=3.0.3,<4,>=2.4.2 in /home/***/.local/lib/python3.12/site-packages (from httplib2<0.23.0,>=0.8->apache-beam[gcp]) (3.1.2)
[2024-09-22T17:14:53.592+0000] {subprocess.py:93} INFO - Requirement already satisfied: attrs>=22.2.0 in /home/***/.local/lib/python3.12/site-packages (from jsonschema<5.0.0,>=4.0.0->apache-beam[gcp]) (24.2.0)
[2024-09-22T17:14:53.593+0000] {subprocess.py:93} INFO - Requirement already satisfied: jsonschema-specifications>=2023.03.6 in /home/***/.local/lib/python3.12/site-packages (from jsonschema<5.0.0,>=4.0.0->apache-beam[gcp]) (2023.12.1)
[2024-09-22T17:14:53.594+0000] {subprocess.py:93} INFO - Requirement already satisfied: referencing>=0.28.4 in /home/***/.local/lib/python3.12/site-packages (from jsonschema<5.0.0,>=4.0.0->apache-beam[gcp]) (0.35.1)
[2024-09-22T17:14:53.594+0000] {subprocess.py:93} INFO - Requirement already satisfied: rpds-py>=0.7.1 in /home/***/.local/lib/python3.12/site-packages (from jsonschema<5.0.0,>=4.0.0->apache-beam[gcp]) (0.20.0)
[2024-09-22T17:14:53.630+0000] {subprocess.py:93} INFO - Requirement already satisfied: dnspython<3.0.0,>=1.16.0 in /home/***/.local/lib/python3.12/site-packages (from pymongo<5.0.0,>=3.8.0->apache-beam[gcp]) (2.6.1)
[2024-09-22T17:14:53.648+0000] {subprocess.py:93} INFO - Requirement already satisfied: charset-normalizer<4,>=2 in /home/***/.local/lib/python3.12/site-packages (from requests<3.0.0,>=2.24.0->apache-beam[gcp]) (3.3.2)
[2024-09-22T17:14:53.649+0000] {subprocess.py:93} INFO - Requirement already satisfied: idna<4,>=2.5 in /home/***/.local/lib/python3.12/site-packages (from requests<3.0.0,>=2.24.0->apache-beam[gcp]) (3.7)
[2024-09-22T17:14:53.649+0000] {subprocess.py:93} INFO - Requirement already satisfied: urllib3<3,>=1.21.1 in /home/***/.local/lib/python3.12/site-packages (from requests<3.0.0,>=2.24.0->apache-beam[gcp]) (2.2.2)
[2024-09-22T17:14:53.650+0000] {subprocess.py:93} INFO - Requirement already satisfied: certifi>=2017.4.17 in /home/***/.local/lib/python3.12/site-packages (from requests<3.0.0,>=2.24.0->apache-beam[gcp]) (2024.7.4)
[2024-09-22T17:14:53.792+0000] {subprocess.py:93} INFO - Requirement already satisfied: pyasn1>=0.1.7 in /home/***/.local/lib/python3.12/site-packages (from oauth2client>=1.4.12->google-apitools<0.5.32,>=0.5.31->apache-beam[gcp]) (0.5.1)
[2024-09-22T17:14:53.804+0000] {subprocess.py:93} INFO - Requirement already satisfied: annotated-types>=0.4.0 in /home/***/.local/lib/python3.12/site-packages (from pydantic<3->google-cloud-aiplatform<2.0,>=1.26.0->apache-beam[gcp]) (0.7.0)
[2024-09-22T17:14:53.805+0000] {subprocess.py:93} INFO - Requirement already satisfied: pydantic-core==2.20.1 in /home/***/.local/lib/python3.12/site-packages (from pydantic<3->google-cloud-aiplatform<2.0,>=1.26.0->apache-beam[gcp]) (2.20.1)
[2024-09-22T17:14:54.510+0000] {subprocess.py:97} INFO - Command exited with return code 0
[2024-09-22T17:14:54.540+0000] {taskinstance.py:340} INFO - ::group::Post task execution logs
[2024-09-22T17:14:54.541+0000] {taskinstance.py:352} INFO - Marking task as SUCCESS. dag_id=emp_dag, task_id=beam_dep, run_id=manual__2024-09-22T17:14:47.994585+00:00, execution_date=20240922T171447, start_date=20240922T171451, end_date=20240922T171454
[2024-09-22T17:14:54.558+0000] {logging_mixin.py:190} INFO - Task instance in success state
[2024-09-22T17:14:54.559+0000] {logging_mixin.py:190} INFO -  Previous state of the Task instance: running
[2024-09-22T17:14:54.559+0000] {logging_mixin.py:190} INFO - Dag name:emp_dag queued_at:2024-09-22 17:14:48.256190+00:00
[2024-09-22T17:14:54.560+0000] {logging_mixin.py:190} INFO - Task hostname:47d21d915938 operator:BashOperator
[2024-09-22T17:14:54.574+0000] {local_task_job_runner.py:261} INFO - Task exited with return code 0
[2024-09-22T17:14:54.601+0000] {taskinstance.py:3891} INFO - 1 downstream tasks scheduled from follow-on schedule check
[2024-09-22T17:14:54.606+0000] {local_task_job_runner.py:240} INFO - ::endgroup::
