[2024-09-22T16:52:51.859+0000] {local_task_job_runner.py:123} INFO - ::group::Pre task execution logs
[2024-09-22T16:52:51.916+0000] {taskinstance.py:2603} INFO - Dependencies all met for dep_context=non-requeueable deps ti=<TaskInstance: emp_dag.list_dir scheduled__2024-09-21T00:00:00+00:00 [queued]>
[2024-09-22T16:52:51.928+0000] {taskinstance.py:2603} INFO - Dependencies all met for dep_context=requeueable deps ti=<TaskInstance: emp_dag.list_dir scheduled__2024-09-21T00:00:00+00:00 [queued]>
[2024-09-22T16:52:51.929+0000] {taskinstance.py:2856} INFO - Starting attempt 1 of 2
[2024-09-22T16:52:51.950+0000] {taskinstance.py:2879} INFO - Executing <Task(BashOperator): list_dir> on 2024-09-21 00:00:00+00:00
[2024-09-22T16:52:52.023+0000] {standard_task_runner.py:104} INFO - Running: ['***', 'tasks', 'run', 'emp_dag', 'list_dir', 'scheduled__2024-09-21T00:00:00+00:00', '--job-id', '3', '--raw', '--subdir', 'DAGS_FOLDER/emp_dag.py', '--cfg-path', '/tmp/tmpzx4k_hxq']
[2024-09-22T16:52:51.999+0000] {warnings.py:112} WARNING - /home/***/.local/lib/python3.12/site-packages/***/task/task_runner/standard_task_runner.py:70: DeprecationWarning: This process (pid=127) is multi-threaded, use of fork() may lead to deadlocks in the child.
  pid = os.fork()

[2024-09-22T16:52:52.031+0000] {standard_task_runner.py:105} INFO - Job 3: Subtask list_dir
[2024-09-22T16:52:52.032+0000] {standard_task_runner.py:72} INFO - Started process 136 to run task
[2024-09-22T16:52:52.418+0000] {task_command.py:467} INFO - Running <TaskInstance: emp_dag.list_dir scheduled__2024-09-21T00:00:00+00:00 [running]> on host 3ac4fa004d82
[2024-09-22T16:52:52.683+0000] {taskinstance.py:3122} INFO - Exporting env vars: AIRFLOW_CTX_DAG_OWNER='***_SS' AIRFLOW_CTX_DAG_ID='emp_dag' AIRFLOW_CTX_TASK_ID='list_dir' AIRFLOW_CTX_EXECUTION_DATE='2024-09-21T00:00:00+00:00' AIRFLOW_CTX_TRY_NUMBER='1' AIRFLOW_CTX_DAG_RUN_ID='scheduled__2024-09-21T00:00:00+00:00'
[2024-09-22T16:52:52.685+0000] {logging_mixin.py:190} INFO - Task instance is in running state
[2024-09-22T16:52:52.686+0000] {logging_mixin.py:190} INFO -  Previous state of the Task instance: queued
[2024-09-22T16:52:52.686+0000] {logging_mixin.py:190} INFO - Current task name:list_dir state:running start_date:2024-09-22 16:52:51.916819+00:00
[2024-09-22T16:52:52.687+0000] {logging_mixin.py:190} INFO - Dag name:emp_dag and current dag run status:running
[2024-09-22T16:52:52.687+0000] {taskinstance.py:731} INFO - ::endgroup::
[2024-09-22T16:52:52.689+0000] {subprocess.py:63} INFO - Tmp dir root location: /tmp
[2024-09-22T16:52:52.690+0000] {subprocess.py:75} INFO - Running command: ['/usr/bin/bash', '-c', 'ls -l']
[2024-09-22T16:52:52.717+0000] {subprocess.py:86} INFO - Output:
[2024-09-22T16:52:52.731+0000] {subprocess.py:93} INFO - total 0
[2024-09-22T16:52:52.732+0000] {subprocess.py:97} INFO - Command exited with return code 0
[2024-09-22T16:52:52.764+0000] {taskinstance.py:340} INFO - ::group::Post task execution logs
[2024-09-22T16:52:52.766+0000] {taskinstance.py:352} INFO - Marking task as SUCCESS. dag_id=emp_dag, task_id=list_dir, run_id=scheduled__2024-09-21T00:00:00+00:00, execution_date=20240921T000000, start_date=20240922T165251, end_date=20240922T165252
[2024-09-22T16:52:52.782+0000] {logging_mixin.py:190} INFO - Task instance in success state
[2024-09-22T16:52:52.783+0000] {logging_mixin.py:190} INFO -  Previous state of the Task instance: running
[2024-09-22T16:52:52.783+0000] {logging_mixin.py:190} INFO - Dag name:emp_dag queued_at:2024-09-22 16:52:35.626655+00:00
[2024-09-22T16:52:52.783+0000] {logging_mixin.py:190} INFO - Task hostname:3ac4fa004d82 operator:BashOperator
[2024-09-22T16:52:52.829+0000] {local_task_job_runner.py:261} INFO - Task exited with return code 0
[2024-09-22T16:52:52.846+0000] {taskinstance.py:3891} INFO - 0 downstream tasks scheduled from follow-on schedule check
[2024-09-22T16:52:52.849+0000] {local_task_job_runner.py:240} INFO - ::endgroup::
[2024-09-22T17:08:53.682+0000] {local_task_job_runner.py:123} INFO - ::group::Pre task execution logs
[2024-09-22T17:08:53.710+0000] {taskinstance.py:2603} INFO - Dependencies all met for dep_context=non-requeueable deps ti=<TaskInstance: emp_dag.list_dir scheduled__2024-09-21T00:00:00+00:00 [queued]>
[2024-09-22T17:08:53.721+0000] {taskinstance.py:2603} INFO - Dependencies all met for dep_context=requeueable deps ti=<TaskInstance: emp_dag.list_dir scheduled__2024-09-21T00:00:00+00:00 [queued]>
[2024-09-22T17:08:53.722+0000] {taskinstance.py:2856} INFO - Starting attempt 1 of 2
[2024-09-22T17:08:53.745+0000] {taskinstance.py:2879} INFO - Executing <Task(BashOperator): list_dir> on 2024-09-21 00:00:00+00:00
[2024-09-22T17:08:53.764+0000] {warnings.py:112} WARNING - /home/***/.local/lib/python3.12/site-packages/***/task/task_runner/standard_task_runner.py:70: DeprecationWarning: This process (pid=85) is multi-threaded, use of fork() may lead to deadlocks in the child.
  pid = os.fork()

[2024-09-22T17:08:53.766+0000] {standard_task_runner.py:72} INFO - Started process 93 to run task
[2024-09-22T17:08:53.767+0000] {standard_task_runner.py:104} INFO - Running: ['***', 'tasks', 'run', 'emp_dag', 'list_dir', 'scheduled__2024-09-21T00:00:00+00:00', '--job-id', '3', '--raw', '--subdir', 'DAGS_FOLDER/emp_dag.py', '--cfg-path', '/tmp/tmpbv50kmsl']
[2024-09-22T17:08:53.768+0000] {standard_task_runner.py:105} INFO - Job 3: Subtask list_dir
[2024-09-22T17:08:53.917+0000] {task_command.py:467} INFO - Running <TaskInstance: emp_dag.list_dir scheduled__2024-09-21T00:00:00+00:00 [running]> on host 47d21d915938
[2024-09-22T17:08:54.162+0000] {taskinstance.py:3122} INFO - Exporting env vars: AIRFLOW_CTX_DAG_OWNER='***_SS' AIRFLOW_CTX_DAG_ID='emp_dag' AIRFLOW_CTX_TASK_ID='list_dir' AIRFLOW_CTX_EXECUTION_DATE='2024-09-21T00:00:00+00:00' AIRFLOW_CTX_TRY_NUMBER='1' AIRFLOW_CTX_DAG_RUN_ID='scheduled__2024-09-21T00:00:00+00:00'
[2024-09-22T17:08:54.165+0000] {logging_mixin.py:190} INFO - Task instance is in running state
[2024-09-22T17:08:54.166+0000] {logging_mixin.py:190} INFO -  Previous state of the Task instance: queued
[2024-09-22T17:08:54.167+0000] {logging_mixin.py:190} INFO - Current task name:list_dir state:running start_date:2024-09-22 17:08:53.711764+00:00
[2024-09-22T17:08:54.168+0000] {logging_mixin.py:190} INFO - Dag name:emp_dag and current dag run status:running
[2024-09-22T17:08:54.170+0000] {taskinstance.py:731} INFO - ::endgroup::
[2024-09-22T17:08:54.171+0000] {subprocess.py:63} INFO - Tmp dir root location: /tmp
[2024-09-22T17:08:54.173+0000] {subprocess.py:75} INFO - Running command: ['/usr/bin/bash', '-c', 'ls -l']
[2024-09-22T17:08:54.245+0000] {subprocess.py:86} INFO - Output:
[2024-09-22T17:08:54.264+0000] {subprocess.py:93} INFO - total 0
[2024-09-22T17:08:54.265+0000] {subprocess.py:97} INFO - Command exited with return code 0
[2024-09-22T17:08:54.321+0000] {taskinstance.py:340} INFO - ::group::Post task execution logs
[2024-09-22T17:08:54.322+0000] {taskinstance.py:352} INFO - Marking task as SUCCESS. dag_id=emp_dag, task_id=list_dir, run_id=scheduled__2024-09-21T00:00:00+00:00, execution_date=20240921T000000, start_date=20240922T170853, end_date=20240922T170854
[2024-09-22T17:08:54.350+0000] {logging_mixin.py:190} INFO - Task instance in success state
[2024-09-22T17:08:54.352+0000] {logging_mixin.py:190} INFO -  Previous state of the Task instance: running
[2024-09-22T17:08:54.353+0000] {logging_mixin.py:190} INFO - Dag name:emp_dag queued_at:2024-09-22 17:08:46.838652+00:00
[2024-09-22T17:08:54.353+0000] {logging_mixin.py:190} INFO - Task hostname:47d21d915938 operator:BashOperator
[2024-09-22T17:08:54.396+0000] {local_task_job_runner.py:261} INFO - Task exited with return code 0
[2024-09-22T17:08:54.409+0000] {local_task_job_runner.py:240} INFO - ::endgroup::
